# JRE version: OpenJDK Runtime Environment (17.0.7) (build 17.0.7+0-b2043.56-10550314)
# Java VM: OpenJDK 64-Bit Server VM (17.0.7+0-b2043.56-10550314, mixed mode, tiered, compressed oops, compressed class ptrs, g1 gc, windows-amd64)
GC Precious Log:
 CPUs: 12 total, 12 available
 Memory: 32583M
 Large Page Support: Disabled
 NUMA Support: Disabled
 Compressed Oops: Enabled (32-bit)
 Heap Region Size: 1M
 Heap Min Capacity: 8M
 Heap Initial Capacity: 510M
 Heap Max Capacity: 2G
 Pre-touch: Disabled
 Parallel Workers: 10
 Concurrent Workers: 3
 Concurrent Refinement Workers: 10
 Periodic GC: Disabled
Heap:
 garbage-first heap   total 413696K, used 241869K [0x0000000080000000, 0x0000000100000000)
  region size 1024K, 27 young (27648K), 16 survivors (16384K)
 Metaspace       used 124086K, committed 125504K, reserved 1179648K
  class space    used 16668K, committed 17408K, reserved 1048576K
GC Heap History (20 events):
Event: 276.147 GC heap before
{Heap before GC invocations=35 (full 0):
 garbage-first heap   total 352256K, used 274715K [0x0000000080000000, 0x0000000100000000)
  region size 1024K, 81 young (82944K), 7 survivors (7168K)
 Metaspace       used 116074K, committed 117248K, reserved 1179648K
  class space    used 15779K, committed 16384K, reserved 1048576K
}
Event: 276.158 GC heap after
{Heap after GC invocations=36 (full 0):
 garbage-first heap   total 352256K, used 205848K [0x0000000080000000, 0x0000000100000000)
  region size 1024K, 6 young (6144K), 6 survivors (6144K)
 Metaspace       used 116074K, committed 117248K, reserved 1179648K
  class space    used 15779K, committed 16384K, reserved 1048576K
}
Event: 276.312 GC heap before
{Heap before GC invocations=36 (full 0):
 garbage-first heap   total 352256K, used 217112K [0x0000000080000000, 0x0000000100000000)
  region size 1024K, 17 young (17408K), 6 survivors (6144K)
 Metaspace       used 116123K, committed 117312K, reserved 1179648K
  class space    used 15779K, committed 16384K, reserved 1048576K
}
Event: 276.318 GC heap after
{Heap after GC invocations=37 (full 0):
 garbage-first heap   total 352256K, used 206667K [0x0000000080000000, 0x0000000100000000)
  region size 1024K, 2 young (2048K), 2 survivors (2048K)
 Metaspace       used 116123K, committed 117312K, reserved 1179648K
  class space    used 15779K, committed 16384K, reserved 1048576K
}
Event: 277.523 GC heap before
{Heap before GC invocations=37 (full 0):
 garbage-first heap   total 352256K, used 292683K [0x0000000080000000, 0x0000000100000000)
  region size 1024K, 87 young (89088K), 2 survivors (2048K)
 Metaspace       used 116870K, committed 118080K, reserved 1179648K
  class space    used 15806K, committed 16448K, reserved 1048576K
}
Event: 277.532 GC heap after
{Heap after GC invocations=38 (full 0):
 garbage-first heap   total 352256K, used 215078K [0x0000000080000000, 0x0000000100000000)
  region size 1024K, 10 young (10240K), 10 survivors (10240K)
 Metaspace       used 116870K, committed 118080K, reserved 1179648K
  class space    used 15806K, committed 16448K, reserved 1048576K
}
Event: 722.114 GC heap before
{Heap before GC invocations=38 (full 0):
 garbage-first heap   total 352256K, used 292902K [0x0000000080000000, 0x0000000100000000)
  region size 1024K, 87 young (89088K), 10 survivors (10240K)
 Metaspace       used 117297K, committed 118528K, reserved 1179648K
  class space    used 15822K, committed 16448K, reserved 1048576K
}
Event: 722.128 GC heap after
{Heap after GC invocations=39 (full 0):
 garbage-first heap   total 352256K, used 222333K [0x0000000080000000, 0x0000000100000000)
  region size 1024K, 8 young (8192K), 8 survivors (8192K)
 Metaspace       used 117297K, committed 118528K, reserved 1179648K
  class space    used 15822K, committed 16448K, reserved 1048576K
}
Event: 723.192 GC heap before
{Heap before GC invocations=40 (full 0):
 garbage-first heap   total 396288K, used 294013K [0x0000000080000000, 0x0000000100000000)
  region size 1024K, 79 young (80896K), 8 survivors (8192K)
 Metaspace       used 118141K, committed 119488K, reserved 1179648K
  class space    used 15919K, committed 16640K, reserved 1048576K
}
Event: 723.208 GC heap after
{Heap after GC invocations=41 (full 0):
 garbage-first heap   total 396288K, used 226234K [0x0000000080000000, 0x0000000100000000)
  region size 1024K, 5 young (5120K), 5 survivors (5120K)
 Metaspace       used 118141K, committed 119488K, reserved 1179648K
  class space    used 15919K, committed 16640K, reserved 1048576K
}
Event: 1431.281 GC heap before
{Heap before GC invocations=41 (full 0):
 garbage-first heap   total 396288K, used 240570K [0x0000000080000000, 0x0000000100000000)
  region size 1024K, 19 young (19456K), 5 survivors (5120K)
 Metaspace       used 118224K, committed 119616K, reserved 1179648K
  class space    used 15919K, committed 16640K, reserved 1048576K
}
Event: 1431.302 GC heap after
{Heap after GC invocations=42 (full 0):
 garbage-first heap   total 396288K, used 224011K [0x0000000080000000, 0x0000000100000000)
  region size 1024K, 1 young (1024K), 1 survivors (1024K)
 Metaspace       used 118224K, committed 119616K, reserved 1179648K
  class space    used 15919K, committed 16640K, reserved 1048576K
}
Event: 1557.537 GC heap before
{Heap before GC invocations=42 (full 0):
 garbage-first heap   total 396288K, used 331531K [0x0000000080000000, 0x0000000100000000)
  region size 1024K, 107 young (109568K), 1 survivors (1024K)
 Metaspace       used 119101K, committed 120448K, reserved 1179648K
  class space    used 16016K, committed 16704K, reserved 1048576K
}
Event: 1557.546 GC heap after
{Heap after GC invocations=43 (full 0):
 garbage-first heap   total 396288K, used 233887K [0x0000000080000000, 0x0000000100000000)
  region size 1024K, 11 young (11264K), 11 survivors (11264K)
 Metaspace       used 119101K, committed 120448K, reserved 1179648K
  class space    used 16016K, committed 16704K, reserved 1048576K
}
Event: 2863.041 GC heap before
{Heap before GC invocations=44 (full 0):
 garbage-first heap   total 413696K, used 325023K [0x0000000080000000, 0x0000000100000000)
  region size 1024K, 106 young (108544K), 11 survivors (11264K)
 Metaspace       used 119546K, committed 120896K, reserved 1179648K
  class space    used 16064K, committed 16768K, reserved 1048576K
}
Event: 2863.057 GC heap after
{Heap after GC invocations=45 (full 0):
 garbage-first heap   total 413696K, used 231841K [0x0000000080000000, 0x0000000100000000)
  region size 1024K, 6 young (6144K), 6 survivors (6144K)
 Metaspace       used 119546K, committed 120896K, reserved 1179648K
  class space    used 16064K, committed 16768K, reserved 1048576K
}
Event: 2863.475 GC heap before
{Heap before GC invocations=45 (full 0):
 garbage-first heap   total 413696K, used 245153K [0x0000000080000000, 0x0000000100000000)
  region size 1024K, 20 young (20480K), 6 survivors (6144K)
 Metaspace       used 119937K, committed 121344K, reserved 1179648K
  class space    used 16118K, committed 16832K, reserved 1048576K
}
Event: 2863.487 GC heap after
{Heap after GC invocations=46 (full 0):
 garbage-first heap   total 413696K, used 224451K [0x0000000080000000, 0x0000000100000000)
  region size 1024K, 3 young (3072K), 3 survivors (3072K)
 Metaspace       used 119937K, committed 121344K, reserved 1179648K
  class space    used 16118K, committed 16832K, reserved 1048576K
}
Event: 2865.729 GC heap before
{Heap before GC invocations=46 (full 0):
 garbage-first heap   total 413696K, used 344259K [0x0000000080000000, 0x0000000100000000)
  region size 1024K, 121 young (123904K), 3 survivors (3072K)
 Metaspace       used 123572K, committed 124992K, reserved 1179648K
  class space    used 16606K, committed 17344K, reserved 1048576K
}
Event: 2865.743 GC heap after
{Heap after GC invocations=47 (full 0):
 garbage-first heap   total 413696K, used 237773K [0x0000000080000000, 0x0000000100000000)
  region size 1024K, 16 young (16384K), 16 survivors (16384K)
 Metaspace       used 123572K, committed 124992K, reserved 1179648K
  class space    used 16606K, committed 17344K, reserved 1048576K
}

